<?xml version="1.0" encoding="UTF-8"?>
<!-- Generated by org.testng.reporters.JUnitReportReporter -->
<testsuite hostname="Gorzbi-laptop" failures="0" tests="1" name="Runner.CucumberRunnerTest" time="0.108" errors="0" timestamp="2024-01-08T22:39:02 CET" skipped="0">
  <testcase classname="Runner.CucumberRunnerTest" name="runScenario" time="0.108"/>
</testsuite> <!-- Runner.CucumberRunnerTest -->
